[0.277s] DEBUG:colcon:Command line arguments: ['/usr/bin/colcon', 'build', '--symlink-install']
[0.277s] DEBUG:colcon:Parsed command line arguments: Namespace(log_base=None, log_level=None, verb_name='build', build_base='build', install_base='install', merge_install=False, symlink_install=True, test_result_base=None, continue_on_error=False, executor='parallel', parallel_workers=16, event_handlers=None, ignore_user_meta=False, metas=['./colcon.meta'], base_paths=['.'], packages_ignore=None, packages_ignore_regex=None, paths=None, packages_up_to=None, packages_up_to_regex=None, packages_above=None, packages_above_and_dependencies=None, packages_above_depth=None, packages_select_by_dep=None, packages_skip_by_dep=None, packages_skip_up_to=None, packages_select_build_failed=False, packages_skip_build_finished=False, packages_select_test_failures=False, packages_skip_test_passed=False, packages_select=None, packages_skip=None, packages_select_regex=None, packages_skip_regex=None, packages_start=None, packages_end=None, allow_overriding=[], cmake_args=None, cmake_target=None, cmake_target_skip_unavailable=False, cmake_clean_cache=False, cmake_clean_first=False, cmake_force_configure=False, ament_cmake_args=None, catkin_cmake_args=None, catkin_skip_building_tests=False, verb_parser=<colcon_defaults.argument_parser.defaults.DefaultArgumentsDecorator object at 0x7fe064900490>, verb_extension=<colcon_core.verb.build.BuildVerb object at 0x7fe065321de0>, main=<bound method BuildVerb.main of <colcon_core.verb.build.BuildVerb object at 0x7fe065321de0>>)
[0.307s] Level 1:colcon.colcon_core.package_discovery:discover_packages(colcon_meta) check parameters
[0.307s] Level 1:colcon.colcon_core.package_discovery:discover_packages(recursive) check parameters
[0.307s] Level 1:colcon.colcon_core.package_discovery:discover_packages(ignore) check parameters
[0.308s] Level 1:colcon.colcon_core.package_discovery:discover_packages(path) check parameters
[0.308s] Level 1:colcon.colcon_core.package_discovery:discover_packages(colcon_meta) discover
[0.308s] Level 1:colcon.colcon_core.package_discovery:discover_packages(recursive) discover
[0.308s] INFO:colcon.colcon_core.package_discovery:Crawling recursively for packages in '/home/dan/train/train/MA_training/Build_your_custom_robot'
[0.308s] Level 1:colcon.colcon_core.package_identification:_identify(.) by extensions ['ignore', 'ignore_ament_install']
[0.308s] Level 1:colcon.colcon_core.package_identification:_identify(.) by extension 'ignore'
[0.308s] Level 1:colcon.colcon_core.package_identification:_identify(.) by extension 'ignore_ament_install'
[0.308s] Level 1:colcon.colcon_core.package_identification:_identify(.) by extensions ['colcon_pkg']
[0.308s] Level 1:colcon.colcon_core.package_identification:_identify(.) by extension 'colcon_pkg'
[0.308s] Level 1:colcon.colcon_core.package_identification:_identify(.) by extensions ['colcon_meta']
[0.309s] Level 1:colcon.colcon_core.package_identification:_identify(.) by extension 'colcon_meta'
[0.309s] Level 1:colcon.colcon_core.package_identification:_identify(.) by extensions ['ros']
[0.309s] Level 1:colcon.colcon_core.package_identification:_identify(.) by extension 'ros'
[0.317s] Level 1:colcon.colcon_core.package_identification:_identify(.) by extensions ['cmake', 'python']
[0.317s] Level 1:colcon.colcon_core.package_identification:_identify(.) by extension 'cmake'
[0.317s] Level 1:colcon.colcon_core.package_identification:_identify(.) by extension 'python'
[0.317s] Level 1:colcon.colcon_core.package_identification:_identify(.) by extensions ['python_setup_py']
[0.317s] Level 1:colcon.colcon_core.package_identification:_identify(.) by extension 'python_setup_py'
[0.318s] Level 1:colcon.colcon_core.package_identification:_identify(build) by extensions ['ignore', 'ignore_ament_install']
[0.318s] Level 1:colcon.colcon_core.package_identification:_identify(build) by extension 'ignore'
[0.318s] Level 1:colcon.colcon_core.package_identification:_identify(build) ignored
[0.318s] Level 1:colcon.colcon_core.package_identification:_identify(install) by extensions ['ignore', 'ignore_ament_install']
[0.318s] Level 1:colcon.colcon_core.package_identification:_identify(install) by extension 'ignore'
[0.318s] Level 1:colcon.colcon_core.package_identification:_identify(install) ignored
[0.318s] Level 1:colcon.colcon_core.package_identification:_identify(log) by extensions ['ignore', 'ignore_ament_install']
[0.318s] Level 1:colcon.colcon_core.package_identification:_identify(log) by extension 'ignore'
[0.318s] Level 1:colcon.colcon_core.package_identification:_identify(log) ignored
[0.318s] Level 1:colcon.colcon_core.package_identification:_identify(src) by extensions ['ignore', 'ignore_ament_install']
[0.318s] Level 1:colcon.colcon_core.package_identification:_identify(src) by extension 'ignore'
[0.318s] Level 1:colcon.colcon_core.package_identification:_identify(src) by extension 'ignore_ament_install'
[0.318s] Level 1:colcon.colcon_core.package_identification:_identify(src) by extensions ['colcon_pkg']
[0.318s] Level 1:colcon.colcon_core.package_identification:_identify(src) by extension 'colcon_pkg'
[0.318s] Level 1:colcon.colcon_core.package_identification:_identify(src) by extensions ['colcon_meta']
[0.318s] Level 1:colcon.colcon_core.package_identification:_identify(src) by extension 'colcon_meta'
[0.318s] Level 1:colcon.colcon_core.package_identification:_identify(src) by extensions ['ros']
[0.318s] Level 1:colcon.colcon_core.package_identification:_identify(src) by extension 'ros'
[0.318s] Level 1:colcon.colcon_core.package_identification:_identify(src) by extensions ['cmake', 'python']
[0.318s] Level 1:colcon.colcon_core.package_identification:_identify(src) by extension 'cmake'
[0.318s] Level 1:colcon.colcon_core.package_identification:_identify(src) by extension 'python'
[0.318s] Level 1:colcon.colcon_core.package_identification:_identify(src) by extensions ['python_setup_py']
[0.318s] Level 1:colcon.colcon_core.package_identification:_identify(src) by extension 'python_setup_py'
[0.319s] Level 1:colcon.colcon_core.package_identification:_identify(src/my_cutom_robot) by extensions ['ignore', 'ignore_ament_install']
[0.319s] Level 1:colcon.colcon_core.package_identification:_identify(src/my_cutom_robot) by extension 'ignore'
[0.319s] Level 1:colcon.colcon_core.package_identification:_identify(src/my_cutom_robot) by extension 'ignore_ament_install'
[0.319s] Level 1:colcon.colcon_core.package_identification:_identify(src/my_cutom_robot) by extensions ['colcon_pkg']
[0.319s] Level 1:colcon.colcon_core.package_identification:_identify(src/my_cutom_robot) by extension 'colcon_pkg'
[0.319s] Level 1:colcon.colcon_core.package_identification:_identify(src/my_cutom_robot) by extensions ['colcon_meta']
[0.319s] Level 1:colcon.colcon_core.package_identification:_identify(src/my_cutom_robot) by extension 'colcon_meta'
[0.319s] Level 1:colcon.colcon_core.package_identification:_identify(src/my_cutom_robot) by extensions ['ros']
[0.319s] Level 1:colcon.colcon_core.package_identification:_identify(src/my_cutom_robot) by extension 'ros'
[0.321s] DEBUG:colcon.colcon_core.package_identification:Package 'src/my_cutom_robot' with type 'ros.ament_cmake' and name 'my_cutom_robot'
[0.321s] Level 1:colcon.colcon_core.package_discovery:discover_packages(recursive) using defaults
[0.321s] Level 1:colcon.colcon_core.package_discovery:discover_packages(ignore) discover
[0.321s] Level 1:colcon.colcon_core.package_discovery:discover_packages(ignore) using defaults
[0.321s] Level 1:colcon.colcon_core.package_discovery:discover_packages(path) discover
[0.321s] Level 1:colcon.colcon_core.package_discovery:discover_packages(path) using defaults
[0.340s] Level 1:colcon.colcon_core.package_discovery:discover_packages(prefix_path) check parameters
[0.340s] Level 1:colcon.colcon_core.package_discovery:discover_packages(prefix_path) discover
[0.342s] DEBUG:colcon.colcon_installed_package_information.package_discovery:Found 1 installed packages in /home/dan/train/train/MA_training/Build_your_custom_robot/install
[0.343s] DEBUG:colcon.colcon_installed_package_information.package_discovery:Found 1 installed packages in /home/dan/Downloads/livox_driver2/install
[0.345s] DEBUG:colcon.colcon_installed_package_information.package_discovery:Found 393 installed packages in /opt/ros/humble
[0.347s] Level 1:colcon.colcon_core.package_discovery:discover_packages(prefix_path) using defaults
[0.401s] Level 5:colcon.colcon_core.verb:set package 'my_cutom_robot' build argument 'cmake_args' from command line to 'None'
[0.401s] Level 5:colcon.colcon_core.verb:set package 'my_cutom_robot' build argument 'cmake_target' from command line to 'None'
[0.401s] Level 5:colcon.colcon_core.verb:set package 'my_cutom_robot' build argument 'cmake_target_skip_unavailable' from command line to 'False'
[0.401s] Level 5:colcon.colcon_core.verb:set package 'my_cutom_robot' build argument 'cmake_clean_cache' from command line to 'False'
[0.401s] Level 5:colcon.colcon_core.verb:set package 'my_cutom_robot' build argument 'cmake_clean_first' from command line to 'False'
[0.401s] Level 5:colcon.colcon_core.verb:set package 'my_cutom_robot' build argument 'cmake_force_configure' from command line to 'False'
[0.401s] Level 5:colcon.colcon_core.verb:set package 'my_cutom_robot' build argument 'ament_cmake_args' from command line to 'None'
[0.401s] Level 5:colcon.colcon_core.verb:set package 'my_cutom_robot' build argument 'catkin_cmake_args' from command line to 'None'
[0.401s] Level 5:colcon.colcon_core.verb:set package 'my_cutom_robot' build argument 'catkin_skip_building_tests' from command line to 'False'
[0.401s] DEBUG:colcon.colcon_core.verb:Building package 'my_cutom_robot' with the following arguments: {'ament_cmake_args': None, 'build_base': '/home/dan/train/train/MA_training/Build_your_custom_robot/build/my_cutom_robot', 'catkin_cmake_args': None, 'catkin_skip_building_tests': False, 'cmake_args': None, 'cmake_clean_cache': False, 'cmake_clean_first': False, 'cmake_force_configure': False, 'cmake_target': None, 'cmake_target_skip_unavailable': False, 'install_base': '/home/dan/train/train/MA_training/Build_your_custom_robot/install/my_cutom_robot', 'merge_install': False, 'path': '/home/dan/train/train/MA_training/Build_your_custom_robot/src/my_cutom_robot', 'symlink_install': True, 'test_result_base': None}
[0.402s] INFO:colcon.colcon_core.executor:Executing jobs using 'parallel' executor
[0.404s] DEBUG:colcon.colcon_parallel_executor.executor.parallel:run_until_complete
[0.405s] INFO:colcon.colcon_ros.task.ament_cmake.build:Building ROS package in '/home/dan/train/train/MA_training/Build_your_custom_robot/src/my_cutom_robot' with build type 'ament_cmake'
[0.405s] INFO:colcon.colcon_cmake.task.cmake.build:Building CMake package in '/home/dan/train/train/MA_training/Build_your_custom_robot/src/my_cutom_robot'
[0.408s] INFO:colcon.colcon_core.plugin_system:Skipping extension 'colcon_core.shell.bat': Not used on non-Windows systems
[0.408s] INFO:colcon.colcon_core.shell:Skip shell extension 'powershell' for command environment: Not usable outside of PowerShell
[0.408s] DEBUG:colcon.colcon_core.shell:Skip shell extension 'dsv' for command environment
[0.420s] DEBUG:colcon.colcon_core.event_handler.log_command:Invoking command in '/home/dan/train/train/MA_training/Build_your_custom_robot/build/my_cutom_robot': CMAKE_PREFIX_PATH=${CMAKE_PREFIX_PATH}:/opt/ros/humble /usr/bin/cmake --build /home/dan/train/train/MA_training/Build_your_custom_robot/build/my_cutom_robot -- -j16 -l16
[0.473s] DEBUG:colcon.colcon_core.event_handler.log_command:Invoked command in '/home/dan/train/train/MA_training/Build_your_custom_robot/build/my_cutom_robot' returned '0': CMAKE_PREFIX_PATH=${CMAKE_PREFIX_PATH}:/opt/ros/humble /usr/bin/cmake --build /home/dan/train/train/MA_training/Build_your_custom_robot/build/my_cutom_robot -- -j16 -l16
[0.508s] DEBUG:colcon.colcon_core.event_handler.log_command:Invoking command in '/home/dan/train/train/MA_training/Build_your_custom_robot/build/my_cutom_robot': CMAKE_PREFIX_PATH=${CMAKE_PREFIX_PATH}:/opt/ros/humble /usr/bin/cmake --install /home/dan/train/train/MA_training/Build_your_custom_robot/build/my_cutom_robot
[0.531s] Level 1:colcon.colcon_core.environment:create_environment_scripts_only(my_cutom_robot)
[0.533s] DEBUG:colcon.colcon_core.event_handler.log_command:Invoked command in '/home/dan/train/train/MA_training/Build_your_custom_robot/build/my_cutom_robot' returned '0': CMAKE_PREFIX_PATH=${CMAKE_PREFIX_PATH}:/opt/ros/humble /usr/bin/cmake --install /home/dan/train/train/MA_training/Build_your_custom_robot/build/my_cutom_robot
[0.537s] Level 1:colcon.colcon_core.environment:checking '/home/dan/train/train/MA_training/Build_your_custom_robot/install/my_cutom_robot' for CMake module files
[0.537s] Level 1:colcon.colcon_core.environment:checking '/home/dan/train/train/MA_training/Build_your_custom_robot/install/my_cutom_robot' for CMake config files
[0.538s] Level 1:colcon.colcon_core.shell:create_environment_hook('my_cutom_robot', 'cmake_prefix_path')
[0.539s] INFO:colcon.colcon_core.shell:Creating environment hook '/home/dan/train/train/MA_training/Build_your_custom_robot/install/my_cutom_robot/share/my_cutom_robot/hook/cmake_prefix_path.ps1'
[0.539s] INFO:colcon.colcon_core.shell:Creating environment descriptor '/home/dan/train/train/MA_training/Build_your_custom_robot/install/my_cutom_robot/share/my_cutom_robot/hook/cmake_prefix_path.dsv'
[0.540s] INFO:colcon.colcon_core.shell:Creating environment hook '/home/dan/train/train/MA_training/Build_your_custom_robot/install/my_cutom_robot/share/my_cutom_robot/hook/cmake_prefix_path.sh'
[0.541s] Level 1:colcon.colcon_core.environment:checking '/home/dan/train/train/MA_training/Build_your_custom_robot/install/my_cutom_robot/bin'
[0.541s] Level 1:colcon.colcon_core.environment:checking '/home/dan/train/train/MA_training/Build_your_custom_robot/install/my_cutom_robot/lib/pkgconfig/my_cutom_robot.pc'
[0.541s] Level 1:colcon.colcon_core.environment:checking '/home/dan/train/train/MA_training/Build_your_custom_robot/install/my_cutom_robot/lib/python3.10/site-packages'
[0.541s] Level 1:colcon.colcon_core.environment:checking '/home/dan/train/train/MA_training/Build_your_custom_robot/install/my_cutom_robot/bin'
[0.542s] INFO:colcon.colcon_core.shell:Creating package script '/home/dan/train/train/MA_training/Build_your_custom_robot/install/my_cutom_robot/share/my_cutom_robot/package.ps1'
[0.543s] INFO:colcon.colcon_core.shell:Creating package descriptor '/home/dan/train/train/MA_training/Build_your_custom_robot/install/my_cutom_robot/share/my_cutom_robot/package.dsv'
[0.543s] INFO:colcon.colcon_core.shell:Creating package script '/home/dan/train/train/MA_training/Build_your_custom_robot/install/my_cutom_robot/share/my_cutom_robot/package.sh'
[0.544s] INFO:colcon.colcon_core.shell:Creating package script '/home/dan/train/train/MA_training/Build_your_custom_robot/install/my_cutom_robot/share/my_cutom_robot/package.bash'
[0.545s] INFO:colcon.colcon_core.shell:Creating package script '/home/dan/train/train/MA_training/Build_your_custom_robot/install/my_cutom_robot/share/my_cutom_robot/package.zsh'
[0.545s] Level 1:colcon.colcon_core.environment:create_file_with_runtime_dependencies(/home/dan/train/train/MA_training/Build_your_custom_robot/install/my_cutom_robot/share/colcon-core/packages/my_cutom_robot)
[0.569s] Level 1:colcon.colcon_core.environment:create_environment_scripts_only(my_cutom_robot)
[0.571s] Level 1:colcon.colcon_core.environment:checking '/home/dan/train/train/MA_training/Build_your_custom_robot/install/my_cutom_robot' for CMake module files
[0.571s] Level 1:colcon.colcon_core.environment:checking '/home/dan/train/train/MA_training/Build_your_custom_robot/install/my_cutom_robot' for CMake config files
[0.571s] Level 1:colcon.colcon_core.shell:create_environment_hook('my_cutom_robot', 'cmake_prefix_path')
[0.572s] INFO:colcon.colcon_core.shell:Creating environment hook '/home/dan/train/train/MA_training/Build_your_custom_robot/install/my_cutom_robot/share/my_cutom_robot/hook/cmake_prefix_path.ps1'
[0.572s] INFO:colcon.colcon_core.shell:Creating environment descriptor '/home/dan/train/train/MA_training/Build_your_custom_robot/install/my_cutom_robot/share/my_cutom_robot/hook/cmake_prefix_path.dsv'
[0.573s] INFO:colcon.colcon_core.shell:Creating environment hook '/home/dan/train/train/MA_training/Build_your_custom_robot/install/my_cutom_robot/share/my_cutom_robot/hook/cmake_prefix_path.sh'
[0.573s] Level 1:colcon.colcon_core.environment:checking '/home/dan/train/train/MA_training/Build_your_custom_robot/install/my_cutom_robot/bin'
[0.573s] Level 1:colcon.colcon_core.environment:checking '/home/dan/train/train/MA_training/Build_your_custom_robot/install/my_cutom_robot/lib/pkgconfig/my_cutom_robot.pc'
[0.573s] Level 1:colcon.colcon_core.environment:checking '/home/dan/train/train/MA_training/Build_your_custom_robot/install/my_cutom_robot/lib/python3.10/site-packages'
[0.573s] Level 1:colcon.colcon_core.environment:checking '/home/dan/train/train/MA_training/Build_your_custom_robot/install/my_cutom_robot/bin'
[0.574s] INFO:colcon.colcon_core.shell:Creating package script '/home/dan/train/train/MA_training/Build_your_custom_robot/install/my_cutom_robot/share/my_cutom_robot/package.ps1'
[0.575s] INFO:colcon.colcon_core.shell:Creating package descriptor '/home/dan/train/train/MA_training/Build_your_custom_robot/install/my_cutom_robot/share/my_cutom_robot/package.dsv'
[0.576s] INFO:colcon.colcon_core.shell:Creating package script '/home/dan/train/train/MA_training/Build_your_custom_robot/install/my_cutom_robot/share/my_cutom_robot/package.sh'
[0.576s] INFO:colcon.colcon_core.shell:Creating package script '/home/dan/train/train/MA_training/Build_your_custom_robot/install/my_cutom_robot/share/my_cutom_robot/package.bash'
[0.577s] INFO:colcon.colcon_core.shell:Creating package script '/home/dan/train/train/MA_training/Build_your_custom_robot/install/my_cutom_robot/share/my_cutom_robot/package.zsh'
[0.577s] Level 1:colcon.colcon_core.environment:create_file_with_runtime_dependencies(/home/dan/train/train/MA_training/Build_your_custom_robot/install/my_cutom_robot/share/colcon-core/packages/my_cutom_robot)
[0.578s] DEBUG:colcon.colcon_parallel_executor.executor.parallel:closing loop
[0.578s] DEBUG:colcon.colcon_parallel_executor.executor.parallel:loop closed
[0.578s] DEBUG:colcon.colcon_parallel_executor.executor.parallel:run_until_complete finished with '0'
[0.578s] DEBUG:colcon.colcon_core.event_reactor:joining thread
[0.582s] INFO:colcon.colcon_core.plugin_system:Skipping extension 'colcon_notification.desktop_notification.terminal_notifier': Not used on non-Darwin systems
[0.582s] INFO:colcon.colcon_core.plugin_system:Skipping extension 'colcon_notification.desktop_notification.win32': Not used on non-Windows systems
[0.582s] INFO:colcon.colcon_notification.desktop_notification:Sending desktop notification using 'notify2'
[0.592s] DEBUG:colcon.colcon_core.event_reactor:joined thread
[0.594s] INFO:colcon.colcon_core.shell:Creating prefix script '/home/dan/train/train/MA_training/Build_your_custom_robot/install/local_setup.ps1'
[0.595s] INFO:colcon.colcon_core.shell:Creating prefix util module '/home/dan/train/train/MA_training/Build_your_custom_robot/install/_local_setup_util_ps1.py'
[0.597s] INFO:colcon.colcon_core.shell:Creating prefix chain script '/home/dan/train/train/MA_training/Build_your_custom_robot/install/setup.ps1'
[0.599s] INFO:colcon.colcon_core.shell:Creating prefix script '/home/dan/train/train/MA_training/Build_your_custom_robot/install/local_setup.sh'
[0.599s] INFO:colcon.colcon_core.shell:Creating prefix util module '/home/dan/train/train/MA_training/Build_your_custom_robot/install/_local_setup_util_sh.py'
[0.600s] INFO:colcon.colcon_core.shell:Creating prefix chain script '/home/dan/train/train/MA_training/Build_your_custom_robot/install/setup.sh'
[0.601s] INFO:colcon.colcon_core.shell:Creating prefix script '/home/dan/train/train/MA_training/Build_your_custom_robot/install/local_setup.bash'
[0.602s] INFO:colcon.colcon_core.shell:Creating prefix chain script '/home/dan/train/train/MA_training/Build_your_custom_robot/install/setup.bash'
[0.603s] INFO:colcon.colcon_core.shell:Creating prefix script '/home/dan/train/train/MA_training/Build_your_custom_robot/install/local_setup.zsh'
[0.604s] INFO:colcon.colcon_core.shell:Creating prefix chain script '/home/dan/train/train/MA_training/Build_your_custom_robot/install/setup.zsh'
