-- The C compiler identification is GNU 11.4.0
-- The CXX compiler identification is GNU 11.4.0
-- Detecting C compiler ABI info
-- Detecting C compiler ABI info - done
-- Check for working C compiler: /usr/bin/cc - skipped
-- Detecting C compile features
-- Detecting C compile features - done
-- Detecting CXX compiler ABI info
-- Detecting CXX compiler ABI info - done
-- Check for working CXX compiler: /usr/bin/c++ - skipped
-- Detecting CXX compile features
-- Detecting CXX compile features - done
-- Found ament_cmake: 1.3.5 (/opt/ros/humble/share/ament_cmake/cmake)
-- Found Python3: /usr/bin/python3.10 (found version "3.10.12") found components: Interpreter 
-- Override CMake install command with custom implementation using symlinks instead of copying resources
-- Found ament_lint_auto: 0.12.6 (/opt/ros/humble/share/ament_lint_auto/cmake)
-- Added test 'flake8' to check Python code syntax and style conventions
-- Added test 'lint_cmake' to check CMake code style
-- Added test 'pep257' to check Python code against some of the docstring style conventions in PEP 257
-- Added test 'xmllint' to check XML markup files
-- Configuring done
-- Generating done
-- Build files have been written to: /home/dan/train/train/MA_training/Build_your_custom_robot/build/my_cutom_robot
-- Install configuration: ""
-- Execute custom install script
-- Symlinking: /home/dan/train/train/MA_training/Build_your_custom_robot/install/my_cutom_robot/share/my_cutom_robot/description/robot.urdf.xacro
-- Symlinking: /home/dan/train/train/MA_training/Build_your_custom_robot/install/my_cutom_robot/share/my_cutom_robot/launch/rsp.launch.py
-- Symlinking: /home/dan/train/train/MA_training/Build_your_custom_robot/install/my_cutom_robot/share/ament_index/resource_index/package_run_dependencies/my_cutom_robot
-- Symlinking: /home/dan/train/train/MA_training/Build_your_custom_robot/install/my_cutom_robot/share/ament_index/resource_index/parent_prefix_path/my_cutom_robot
-- Symlinking: /home/dan/train/train/MA_training/Build_your_custom_robot/install/my_cutom_robot/share/my_cutom_robot/environment/ament_prefix_path.sh
-- Symlinking: /home/dan/train/train/MA_training/Build_your_custom_robot/install/my_cutom_robot/share/my_cutom_robot/environment/ament_prefix_path.dsv
-- Symlinking: /home/dan/train/train/MA_training/Build_your_custom_robot/install/my_cutom_robot/share/my_cutom_robot/environment/path.sh
-- Symlinking: /home/dan/train/train/MA_training/Build_your_custom_robot/install/my_cutom_robot/share/my_cutom_robot/environment/path.dsv
-- Symlinking: /home/dan/train/train/MA_training/Build_your_custom_robot/install/my_cutom_robot/share/my_cutom_robot/local_setup.bash
-- Symlinking: /home/dan/train/train/MA_training/Build_your_custom_robot/install/my_cutom_robot/share/my_cutom_robot/local_setup.sh
-- Symlinking: /home/dan/train/train/MA_training/Build_your_custom_robot/install/my_cutom_robot/share/my_cutom_robot/local_setup.zsh
-- Symlinking: /home/dan/train/train/MA_training/Build_your_custom_robot/install/my_cutom_robot/share/my_cutom_robot/local_setup.dsv
-- Symlinking: /home/dan/train/train/MA_training/Build_your_custom_robot/install/my_cutom_robot/share/my_cutom_robot/package.dsv
-- Symlinking: /home/dan/train/train/MA_training/Build_your_custom_robot/install/my_cutom_robot/share/ament_index/resource_index/packages/my_cutom_robot
-- Symlinking: /home/dan/train/train/MA_training/Build_your_custom_robot/install/my_cutom_robot/share/my_cutom_robot/cmake/my_cutom_robotConfig.cmake
-- Symlinking: /home/dan/train/train/MA_training/Build_your_custom_robot/install/my_cutom_robot/share/my_cutom_robot/cmake/my_cutom_robotConfig-version.cmake
-- Symlinking: /home/dan/train/train/MA_training/Build_your_custom_robot/install/my_cutom_robot/share/my_cutom_robot/package.xml
