[0.242s] DEBUG:colcon:Command line arguments: ['/usr/bin/colcon', 'build', '--symlink-install']
[0.242s] DEBUG:colcon:Parsed command line arguments: Namespace(log_base=None, log_level=None, verb_name='build', build_base='build', install_base='install', merge_install=False, symlink_install=True, test_result_base=None, continue_on_error=False, executor='parallel', parallel_workers=16, event_handlers=None, ignore_user_meta=False, metas=['./colcon.meta'], base_paths=['.'], packages_ignore=None, packages_ignore_regex=None, paths=None, packages_up_to=None, packages_up_to_regex=None, packages_above=None, packages_above_and_dependencies=None, packages_above_depth=None, packages_select_by_dep=None, packages_skip_by_dep=None, packages_skip_up_to=None, packages_select_build_failed=False, packages_skip_build_finished=False, packages_select_test_failures=False, packages_skip_test_passed=False, packages_select=None, packages_skip=None, packages_select_regex=None, packages_skip_regex=None, packages_start=None, packages_end=None, allow_overriding=[], cmake_args=None, cmake_target=None, cmake_target_skip_unavailable=False, cmake_clean_cache=False, cmake_clean_first=False, cmake_force_configure=False, ament_cmake_args=None, catkin_cmake_args=None, catkin_skip_building_tests=False, verb_parser=<colcon_defaults.argument_parser.defaults.DefaultArgumentsDecorator object at 0x7f2ef491c100>, verb_extension=<colcon_core.verb.build.BuildVerb object at 0x7f2ef53173a0>, main=<bound method BuildVerb.main of <colcon_core.verb.build.BuildVerb object at 0x7f2ef53173a0>>)
[0.282s] Level 1:colcon.colcon_core.package_discovery:discover_packages(colcon_meta) check parameters
[0.282s] Level 1:colcon.colcon_core.package_discovery:discover_packages(recursive) check parameters
[0.282s] Level 1:colcon.colcon_core.package_discovery:discover_packages(ignore) check parameters
[0.282s] Level 1:colcon.colcon_core.package_discovery:discover_packages(path) check parameters
[0.282s] Level 1:colcon.colcon_core.package_discovery:discover_packages(colcon_meta) discover
[0.282s] Level 1:colcon.colcon_core.package_discovery:discover_packages(recursive) discover
[0.282s] INFO:colcon.colcon_core.package_discovery:Crawling recursively for packages in '/home/dan/train/train/MA_training/Build_your_custom_robot'
[0.283s] Level 1:colcon.colcon_core.package_identification:_identify(.) by extensions ['ignore', 'ignore_ament_install']
[0.283s] Level 1:colcon.colcon_core.package_identification:_identify(.) by extension 'ignore'
[0.283s] Level 1:colcon.colcon_core.package_identification:_identify(.) by extension 'ignore_ament_install'
[0.283s] Level 1:colcon.colcon_core.package_identification:_identify(.) by extensions ['colcon_pkg']
[0.283s] Level 1:colcon.colcon_core.package_identification:_identify(.) by extension 'colcon_pkg'
[0.283s] Level 1:colcon.colcon_core.package_identification:_identify(.) by extensions ['colcon_meta']
[0.283s] Level 1:colcon.colcon_core.package_identification:_identify(.) by extension 'colcon_meta'
[0.283s] Level 1:colcon.colcon_core.package_identification:_identify(.) by extensions ['ros']
[0.283s] Level 1:colcon.colcon_core.package_identification:_identify(.) by extension 'ros'
[0.292s] Level 1:colcon.colcon_core.package_identification:_identify(.) by extensions ['cmake', 'python']
[0.292s] Level 1:colcon.colcon_core.package_identification:_identify(.) by extension 'cmake'
[0.292s] Level 1:colcon.colcon_core.package_identification:_identify(.) by extension 'python'
[0.292s] Level 1:colcon.colcon_core.package_identification:_identify(.) by extensions ['python_setup_py']
[0.292s] Level 1:colcon.colcon_core.package_identification:_identify(.) by extension 'python_setup_py'
[0.292s] Level 1:colcon.colcon_core.package_identification:_identify(build) by extensions ['ignore', 'ignore_ament_install']
[0.292s] Level 1:colcon.colcon_core.package_identification:_identify(build) by extension 'ignore'
[0.292s] Level 1:colcon.colcon_core.package_identification:_identify(build) ignored
[0.292s] Level 1:colcon.colcon_core.package_identification:_identify(install) by extensions ['ignore', 'ignore_ament_install']
[0.293s] Level 1:colcon.colcon_core.package_identification:_identify(install) by extension 'ignore'
[0.293s] Level 1:colcon.colcon_core.package_identification:_identify(install) ignored
[0.293s] Level 1:colcon.colcon_core.package_identification:_identify(log) by extensions ['ignore', 'ignore_ament_install']
[0.293s] Level 1:colcon.colcon_core.package_identification:_identify(log) by extension 'ignore'
[0.293s] Level 1:colcon.colcon_core.package_identification:_identify(log) ignored
[0.293s] Level 1:colcon.colcon_core.package_identification:_identify(src) by extensions ['ignore', 'ignore_ament_install']
[0.293s] Level 1:colcon.colcon_core.package_identification:_identify(src) by extension 'ignore'
[0.293s] Level 1:colcon.colcon_core.package_identification:_identify(src) by extension 'ignore_ament_install'
[0.293s] Level 1:colcon.colcon_core.package_identification:_identify(src) by extensions ['colcon_pkg']
[0.293s] Level 1:colcon.colcon_core.package_identification:_identify(src) by extension 'colcon_pkg'
[0.293s] Level 1:colcon.colcon_core.package_identification:_identify(src) by extensions ['colcon_meta']
[0.293s] Level 1:colcon.colcon_core.package_identification:_identify(src) by extension 'colcon_meta'
[0.293s] Level 1:colcon.colcon_core.package_identification:_identify(src) by extensions ['ros']
[0.293s] Level 1:colcon.colcon_core.package_identification:_identify(src) by extension 'ros'
[0.293s] Level 1:colcon.colcon_core.package_identification:_identify(src) by extensions ['cmake', 'python']
[0.293s] Level 1:colcon.colcon_core.package_identification:_identify(src) by extension 'cmake'
[0.293s] Level 1:colcon.colcon_core.package_identification:_identify(src) by extension 'python'
[0.293s] Level 1:colcon.colcon_core.package_identification:_identify(src) by extensions ['python_setup_py']
[0.293s] Level 1:colcon.colcon_core.package_identification:_identify(src) by extension 'python_setup_py'
[0.293s] Level 1:colcon.colcon_core.package_identification:_identify(src/my_cutom_robot) by extensions ['ignore', 'ignore_ament_install']
[0.293s] Level 1:colcon.colcon_core.package_identification:_identify(src/my_cutom_robot) by extension 'ignore'
[0.293s] Level 1:colcon.colcon_core.package_identification:_identify(src/my_cutom_robot) by extension 'ignore_ament_install'
[0.293s] Level 1:colcon.colcon_core.package_identification:_identify(src/my_cutom_robot) by extensions ['colcon_pkg']
[0.293s] Level 1:colcon.colcon_core.package_identification:_identify(src/my_cutom_robot) by extension 'colcon_pkg'
[0.293s] Level 1:colcon.colcon_core.package_identification:_identify(src/my_cutom_robot) by extensions ['colcon_meta']
[0.293s] Level 1:colcon.colcon_core.package_identification:_identify(src/my_cutom_robot) by extension 'colcon_meta'
[0.294s] Level 1:colcon.colcon_core.package_identification:_identify(src/my_cutom_robot) by extensions ['ros']
[0.294s] Level 1:colcon.colcon_core.package_identification:_identify(src/my_cutom_robot) by extension 'ros'
[0.295s] DEBUG:colcon.colcon_core.package_identification:Package 'src/my_cutom_robot' with type 'ros.ament_cmake' and name 'my_cutom_robot'
[0.295s] Level 1:colcon.colcon_core.package_discovery:discover_packages(recursive) using defaults
[0.296s] Level 1:colcon.colcon_core.package_discovery:discover_packages(ignore) discover
[0.296s] Level 1:colcon.colcon_core.package_discovery:discover_packages(ignore) using defaults
[0.296s] Level 1:colcon.colcon_core.package_discovery:discover_packages(path) discover
[0.296s] Level 1:colcon.colcon_core.package_discovery:discover_packages(path) using defaults
[0.315s] Level 1:colcon.colcon_core.package_discovery:discover_packages(prefix_path) check parameters
[0.316s] Level 1:colcon.colcon_core.package_discovery:discover_packages(prefix_path) discover
[0.317s] DEBUG:colcon.colcon_installed_package_information.package_discovery:Found 1 installed packages in /home/dan/Downloads/livox_driver2/install
[0.319s] DEBUG:colcon.colcon_installed_package_information.package_discovery:Found 394 installed packages in /opt/ros/humble
[0.320s] Level 1:colcon.colcon_core.package_discovery:discover_packages(prefix_path) using defaults
[0.373s] Level 5:colcon.colcon_core.verb:set package 'my_cutom_robot' build argument 'cmake_args' from command line to 'None'
[0.373s] Level 5:colcon.colcon_core.verb:set package 'my_cutom_robot' build argument 'cmake_target' from command line to 'None'
[0.374s] Level 5:colcon.colcon_core.verb:set package 'my_cutom_robot' build argument 'cmake_target_skip_unavailable' from command line to 'False'
[0.374s] Level 5:colcon.colcon_core.verb:set package 'my_cutom_robot' build argument 'cmake_clean_cache' from command line to 'False'
[0.374s] Level 5:colcon.colcon_core.verb:set package 'my_cutom_robot' build argument 'cmake_clean_first' from command line to 'False'
[0.374s] Level 5:colcon.colcon_core.verb:set package 'my_cutom_robot' build argument 'cmake_force_configure' from command line to 'False'
[0.374s] Level 5:colcon.colcon_core.verb:set package 'my_cutom_robot' build argument 'ament_cmake_args' from command line to 'None'
[0.374s] Level 5:colcon.colcon_core.verb:set package 'my_cutom_robot' build argument 'catkin_cmake_args' from command line to 'None'
[0.374s] Level 5:colcon.colcon_core.verb:set package 'my_cutom_robot' build argument 'catkin_skip_building_tests' from command line to 'False'
[0.374s] DEBUG:colcon.colcon_core.verb:Building package 'my_cutom_robot' with the following arguments: {'ament_cmake_args': None, 'build_base': '/home/dan/train/train/MA_training/Build_your_custom_robot/build/my_cutom_robot', 'catkin_cmake_args': None, 'catkin_skip_building_tests': False, 'cmake_args': None, 'cmake_clean_cache': False, 'cmake_clean_first': False, 'cmake_force_configure': False, 'cmake_target': None, 'cmake_target_skip_unavailable': False, 'install_base': '/home/dan/train/train/MA_training/Build_your_custom_robot/install/my_cutom_robot', 'merge_install': False, 'path': '/home/dan/train/train/MA_training/Build_your_custom_robot/src/my_cutom_robot', 'symlink_install': True, 'test_result_base': None}
[0.374s] INFO:colcon.colcon_core.executor:Executing jobs using 'parallel' executor
[0.377s] DEBUG:colcon.colcon_parallel_executor.executor.parallel:run_until_complete
[0.378s] INFO:colcon.colcon_ros.task.ament_cmake.build:Building ROS package in '/home/dan/train/train/MA_training/Build_your_custom_robot/src/my_cutom_robot' with build type 'ament_cmake'
[0.378s] INFO:colcon.colcon_cmake.task.cmake.build:Building CMake package in '/home/dan/train/train/MA_training/Build_your_custom_robot/src/my_cutom_robot'
[0.382s] INFO:colcon.colcon_core.plugin_system:Skipping extension 'colcon_core.shell.bat': Not used on non-Windows systems
[0.382s] INFO:colcon.colcon_core.shell:Skip shell extension 'powershell' for command environment: Not usable outside of PowerShell
[0.382s] DEBUG:colcon.colcon_core.shell:Skip shell extension 'dsv' for command environment
[0.394s] DEBUG:colcon.colcon_core.event_handler.log_command:Invoking command in '/home/dan/train/train/MA_training/Build_your_custom_robot/build/my_cutom_robot': CMAKE_PREFIX_PATH=${CMAKE_PREFIX_PATH}:/opt/ros/humble /usr/bin/cmake /home/dan/train/train/MA_training/Build_your_custom_robot/src/my_cutom_robot -DAMENT_CMAKE_SYMLINK_INSTALL=1 -DCMAKE_INSTALL_PREFIX=/home/dan/train/train/MA_training/Build_your_custom_robot/install/my_cutom_robot
[1.100s] DEBUG:colcon.colcon_core.event_handler.log_command:Invoked command in '/home/dan/train/train/MA_training/Build_your_custom_robot/build/my_cutom_robot' returned '0': CMAKE_PREFIX_PATH=${CMAKE_PREFIX_PATH}:/opt/ros/humble /usr/bin/cmake /home/dan/train/train/MA_training/Build_your_custom_robot/src/my_cutom_robot -DAMENT_CMAKE_SYMLINK_INSTALL=1 -DCMAKE_INSTALL_PREFIX=/home/dan/train/train/MA_training/Build_your_custom_robot/install/my_cutom_robot
[1.102s] DEBUG:colcon.colcon_core.event_handler.log_command:Invoking command in '/home/dan/train/train/MA_training/Build_your_custom_robot/build/my_cutom_robot': CMAKE_PREFIX_PATH=${CMAKE_PREFIX_PATH}:/opt/ros/humble /usr/bin/cmake --build /home/dan/train/train/MA_training/Build_your_custom_robot/build/my_cutom_robot -- -j16 -l16
[1.145s] DEBUG:colcon.colcon_core.event_handler.log_command:Invoked command in '/home/dan/train/train/MA_training/Build_your_custom_robot/build/my_cutom_robot' returned '0': CMAKE_PREFIX_PATH=${CMAKE_PREFIX_PATH}:/opt/ros/humble /usr/bin/cmake --build /home/dan/train/train/MA_training/Build_your_custom_robot/build/my_cutom_robot -- -j16 -l16
[1.182s] DEBUG:colcon.colcon_core.event_handler.log_command:Invoking command in '/home/dan/train/train/MA_training/Build_your_custom_robot/build/my_cutom_robot': CMAKE_PREFIX_PATH=${CMAKE_PREFIX_PATH}:/opt/ros/humble /usr/bin/cmake --install /home/dan/train/train/MA_training/Build_your_custom_robot/build/my_cutom_robot
[1.420s] Level 1:colcon.colcon_core.environment:create_environment_scripts_only(my_cutom_robot)
[1.422s] DEBUG:colcon.colcon_core.event_handler.log_command:Invoked command in '/home/dan/train/train/MA_training/Build_your_custom_robot/build/my_cutom_robot' returned '0': CMAKE_PREFIX_PATH=${CMAKE_PREFIX_PATH}:/opt/ros/humble /usr/bin/cmake --install /home/dan/train/train/MA_training/Build_your_custom_robot/build/my_cutom_robot
[1.425s] Level 1:colcon.colcon_core.environment:checking '/home/dan/train/train/MA_training/Build_your_custom_robot/install/my_cutom_robot' for CMake module files
[1.426s] Level 1:colcon.colcon_core.environment:checking '/home/dan/train/train/MA_training/Build_your_custom_robot/install/my_cutom_robot' for CMake config files
[1.426s] Level 1:colcon.colcon_core.shell:create_environment_hook('my_cutom_robot', 'cmake_prefix_path')
[1.427s] INFO:colcon.colcon_core.shell:Creating environment hook '/home/dan/train/train/MA_training/Build_your_custom_robot/install/my_cutom_robot/share/my_cutom_robot/hook/cmake_prefix_path.ps1'
[1.428s] INFO:colcon.colcon_core.shell:Creating environment descriptor '/home/dan/train/train/MA_training/Build_your_custom_robot/install/my_cutom_robot/share/my_cutom_robot/hook/cmake_prefix_path.dsv'
[1.428s] INFO:colcon.colcon_core.shell:Creating environment hook '/home/dan/train/train/MA_training/Build_your_custom_robot/install/my_cutom_robot/share/my_cutom_robot/hook/cmake_prefix_path.sh'
[1.429s] Level 1:colcon.colcon_core.environment:checking '/home/dan/train/train/MA_training/Build_your_custom_robot/install/my_cutom_robot/bin'
[1.429s] Level 1:colcon.colcon_core.environment:checking '/home/dan/train/train/MA_training/Build_your_custom_robot/install/my_cutom_robot/lib/pkgconfig/my_cutom_robot.pc'
[1.429s] Level 1:colcon.colcon_core.environment:checking '/home/dan/train/train/MA_training/Build_your_custom_robot/install/my_cutom_robot/lib/python3.10/site-packages'
[1.429s] Level 1:colcon.colcon_core.environment:checking '/home/dan/train/train/MA_training/Build_your_custom_robot/install/my_cutom_robot/bin'
[1.430s] INFO:colcon.colcon_core.shell:Creating package script '/home/dan/train/train/MA_training/Build_your_custom_robot/install/my_cutom_robot/share/my_cutom_robot/package.ps1'
[1.431s] INFO:colcon.colcon_core.shell:Creating package descriptor '/home/dan/train/train/MA_training/Build_your_custom_robot/install/my_cutom_robot/share/my_cutom_robot/package.dsv'
[1.431s] INFO:colcon.colcon_core.shell:Creating package script '/home/dan/train/train/MA_training/Build_your_custom_robot/install/my_cutom_robot/share/my_cutom_robot/package.sh'
[1.432s] INFO:colcon.colcon_core.shell:Creating package script '/home/dan/train/train/MA_training/Build_your_custom_robot/install/my_cutom_robot/share/my_cutom_robot/package.bash'
[1.432s] INFO:colcon.colcon_core.shell:Creating package script '/home/dan/train/train/MA_training/Build_your_custom_robot/install/my_cutom_robot/share/my_cutom_robot/package.zsh'
[1.433s] Level 1:colcon.colcon_core.environment:create_file_with_runtime_dependencies(/home/dan/train/train/MA_training/Build_your_custom_robot/install/my_cutom_robot/share/colcon-core/packages/my_cutom_robot)
[1.453s] Level 1:colcon.colcon_core.environment:create_environment_scripts_only(my_cutom_robot)
[1.455s] Level 1:colcon.colcon_core.environment:checking '/home/dan/train/train/MA_training/Build_your_custom_robot/install/my_cutom_robot' for CMake module files
[1.455s] Level 1:colcon.colcon_core.environment:checking '/home/dan/train/train/MA_training/Build_your_custom_robot/install/my_cutom_robot' for CMake config files
[1.455s] Level 1:colcon.colcon_core.shell:create_environment_hook('my_cutom_robot', 'cmake_prefix_path')
[1.456s] INFO:colcon.colcon_core.shell:Creating environment hook '/home/dan/train/train/MA_training/Build_your_custom_robot/install/my_cutom_robot/share/my_cutom_robot/hook/cmake_prefix_path.ps1'
[1.457s] INFO:colcon.colcon_core.shell:Creating environment descriptor '/home/dan/train/train/MA_training/Build_your_custom_robot/install/my_cutom_robot/share/my_cutom_robot/hook/cmake_prefix_path.dsv'
[1.457s] INFO:colcon.colcon_core.shell:Creating environment hook '/home/dan/train/train/MA_training/Build_your_custom_robot/install/my_cutom_robot/share/my_cutom_robot/hook/cmake_prefix_path.sh'
[1.457s] Level 1:colcon.colcon_core.environment:checking '/home/dan/train/train/MA_training/Build_your_custom_robot/install/my_cutom_robot/bin'
[1.457s] Level 1:colcon.colcon_core.environment:checking '/home/dan/train/train/MA_training/Build_your_custom_robot/install/my_cutom_robot/lib/pkgconfig/my_cutom_robot.pc'
[1.457s] Level 1:colcon.colcon_core.environment:checking '/home/dan/train/train/MA_training/Build_your_custom_robot/install/my_cutom_robot/lib/python3.10/site-packages'
[1.458s] Level 1:colcon.colcon_core.environment:checking '/home/dan/train/train/MA_training/Build_your_custom_robot/install/my_cutom_robot/bin'
[1.459s] INFO:colcon.colcon_core.shell:Creating package script '/home/dan/train/train/MA_training/Build_your_custom_robot/install/my_cutom_robot/share/my_cutom_robot/package.ps1'
[1.459s] INFO:colcon.colcon_core.shell:Creating package descriptor '/home/dan/train/train/MA_training/Build_your_custom_robot/install/my_cutom_robot/share/my_cutom_robot/package.dsv'
[1.459s] INFO:colcon.colcon_core.shell:Creating package script '/home/dan/train/train/MA_training/Build_your_custom_robot/install/my_cutom_robot/share/my_cutom_robot/package.sh'
[1.460s] INFO:colcon.colcon_core.shell:Creating package script '/home/dan/train/train/MA_training/Build_your_custom_robot/install/my_cutom_robot/share/my_cutom_robot/package.bash'
[1.460s] INFO:colcon.colcon_core.shell:Creating package script '/home/dan/train/train/MA_training/Build_your_custom_robot/install/my_cutom_robot/share/my_cutom_robot/package.zsh'
[1.460s] Level 1:colcon.colcon_core.environment:create_file_with_runtime_dependencies(/home/dan/train/train/MA_training/Build_your_custom_robot/install/my_cutom_robot/share/colcon-core/packages/my_cutom_robot)
[1.461s] DEBUG:colcon.colcon_parallel_executor.executor.parallel:closing loop
[1.461s] DEBUG:colcon.colcon_parallel_executor.executor.parallel:loop closed
[1.461s] DEBUG:colcon.colcon_parallel_executor.executor.parallel:run_until_complete finished with '0'
[1.461s] DEBUG:colcon.colcon_core.event_reactor:joining thread
[1.466s] INFO:colcon.colcon_core.plugin_system:Skipping extension 'colcon_notification.desktop_notification.terminal_notifier': Not used on non-Darwin systems
[1.466s] INFO:colcon.colcon_core.plugin_system:Skipping extension 'colcon_notification.desktop_notification.win32': Not used on non-Windows systems
[1.466s] INFO:colcon.colcon_notification.desktop_notification:Sending desktop notification using 'notify2'
[1.477s] DEBUG:colcon.colcon_core.event_reactor:joined thread
[1.479s] INFO:colcon.colcon_core.shell:Creating prefix script '/home/dan/train/train/MA_training/Build_your_custom_robot/install/local_setup.ps1'
[1.479s] INFO:colcon.colcon_core.shell:Creating prefix util module '/home/dan/train/train/MA_training/Build_your_custom_robot/install/_local_setup_util_ps1.py'
[1.480s] INFO:colcon.colcon_core.shell:Creating prefix chain script '/home/dan/train/train/MA_training/Build_your_custom_robot/install/setup.ps1'
[1.481s] INFO:colcon.colcon_core.shell:Creating prefix script '/home/dan/train/train/MA_training/Build_your_custom_robot/install/local_setup.sh'
[1.482s] INFO:colcon.colcon_core.shell:Creating prefix util module '/home/dan/train/train/MA_training/Build_your_custom_robot/install/_local_setup_util_sh.py'
[1.482s] INFO:colcon.colcon_core.shell:Creating prefix chain script '/home/dan/train/train/MA_training/Build_your_custom_robot/install/setup.sh'
[1.483s] INFO:colcon.colcon_core.shell:Creating prefix script '/home/dan/train/train/MA_training/Build_your_custom_robot/install/local_setup.bash'
[1.483s] INFO:colcon.colcon_core.shell:Creating prefix chain script '/home/dan/train/train/MA_training/Build_your_custom_robot/install/setup.bash'
[1.484s] INFO:colcon.colcon_core.shell:Creating prefix script '/home/dan/train/train/MA_training/Build_your_custom_robot/install/local_setup.zsh'
[1.485s] INFO:colcon.colcon_core.shell:Creating prefix chain script '/home/dan/train/train/MA_training/Build_your_custom_robot/install/setup.zsh'
