[0.014s] Invoking command in '/home/dan/train/train/MA_training/Build_your_custom_robot/build/my_cutom_robot': CMAKE_PREFIX_PATH=${CMAKE_PREFIX_PATH}:/opt/ros/humble /usr/bin/cmake --build /home/dan/train/train/MA_training/Build_your_custom_robot/build/my_cutom_robot -- -j16 -l16
[0.080s] Invoked command in '/home/dan/train/train/MA_training/Build_your_custom_robot/build/my_cutom_robot' returned '0': CMAKE_PREFIX_PATH=${CMAKE_PREFIX_PATH}:/opt/ros/humble /usr/bin/cmake --build /home/dan/train/train/MA_training/Build_your_custom_robot/build/my_cutom_robot -- -j16 -l16
[0.113s] Invoking command in '/home/dan/train/train/MA_training/Build_your_custom_robot/build/my_cutom_robot': CMAKE_PREFIX_PATH=${CMAKE_PREFIX_PATH}:/opt/ros/humble /usr/bin/cmake --install /home/dan/train/train/MA_training/Build_your_custom_robot/build/my_cutom_robot
[0.118s] -- Install configuration: ""
[0.119s] -- Execute custom install script
[0.119s] -- Up-to-date symlink: /home/dan/train/train/MA_training/Build_your_custom_robot/install/my_cutom_robot/share/my_cutom_robot/description/first_demo.rviz
[0.119s] -- Up-to-date symlink: /home/dan/train/train/MA_training/Build_your_custom_robot/install/my_cutom_robot/share/my_cutom_robot/description/robot.urdf.xacro
[0.119s] -- Up-to-date symlink: /home/dan/train/train/MA_training/Build_your_custom_robot/install/my_cutom_robot/share/my_cutom_robot/description/robot_core.xacro
[0.120s] -- Up-to-date symlink: /home/dan/train/train/MA_training/Build_your_custom_robot/install/my_cutom_robot/share/my_cutom_robot/launch/rsp.launch.py
[0.120s] -- Up-to-date symlink: /home/dan/train/train/MA_training/Build_your_custom_robot/install/my_cutom_robot/share/ament_index/resource_index/package_run_dependencies/my_cutom_robot
[0.120s] -- Up-to-date symlink: /home/dan/train/train/MA_training/Build_your_custom_robot/install/my_cutom_robot/share/ament_index/resource_index/parent_prefix_path/my_cutom_robot
[0.120s] -- Up-to-date symlink: /home/dan/train/train/MA_training/Build_your_custom_robot/install/my_cutom_robot/share/my_cutom_robot/environment/ament_prefix_path.sh
[0.120s] -- Up-to-date symlink: /home/dan/train/train/MA_training/Build_your_custom_robot/install/my_cutom_robot/share/my_cutom_robot/environment/ament_prefix_path.dsv
[0.120s] -- Up-to-date symlink: /home/dan/train/train/MA_training/Build_your_custom_robot/install/my_cutom_robot/share/my_cutom_robot/environment/path.sh
[0.120s] -- Up-to-date symlink: /home/dan/train/train/MA_training/Build_your_custom_robot/install/my_cutom_robot/share/my_cutom_robot/environment/path.dsv
[0.121s] -- Up-to-date symlink: /home/dan/train/train/MA_training/Build_your_custom_robot/install/my_cutom_robot/share/my_cutom_robot/local_setup.bash
[0.121s] -- Up-to-date symlink: /home/dan/train/train/MA_training/Build_your_custom_robot/install/my_cutom_robot/share/my_cutom_robot/local_setup.sh
[0.121s] -- Up-to-date symlink: /home/dan/train/train/MA_training/Build_your_custom_robot/install/my_cutom_robot/share/my_cutom_robot/local_setup.zsh
[0.121s] -- Up-to-date symlink: /home/dan/train/train/MA_training/Build_your_custom_robot/install/my_cutom_robot/share/my_cutom_robot/local_setup.dsv
[0.121s] -- Symlinking: /home/dan/train/train/MA_training/Build_your_custom_robot/install/my_cutom_robot/share/my_cutom_robot/package.dsv
[0.132s] -- Up-to-date symlink: /home/dan/train/train/MA_training/Build_your_custom_robot/install/my_cutom_robot/share/ament_index/resource_index/packages/my_cutom_robot
[0.132s] -- Up-to-date symlink: /home/dan/train/train/MA_training/Build_your_custom_robot/install/my_cutom_robot/share/my_cutom_robot/cmake/my_cutom_robotConfig.cmake
[0.132s] -- Up-to-date symlink: /home/dan/train/train/MA_training/Build_your_custom_robot/install/my_cutom_robot/share/my_cutom_robot/cmake/my_cutom_robotConfig-version.cmake
[0.132s] -- Up-to-date symlink: /home/dan/train/train/MA_training/Build_your_custom_robot/install/my_cutom_robot/share/my_cutom_robot/package.xml
[0.136s] Invoked command in '/home/dan/train/train/MA_training/Build_your_custom_robot/build/my_cutom_robot' returned '0': CMAKE_PREFIX_PATH=${CMAKE_PREFIX_PATH}:/opt/ros/humble /usr/bin/cmake --install /home/dan/train/train/MA_training/Build_your_custom_robot/build/my_cutom_robot
