[0.017s] Invoking command in '/home/dan/train/train/MA_training/Build_your_custom_robot/build/my_cutom_robot': CMAKE_PREFIX_PATH=${CMAKE_PREFIX_PATH}:/opt/ros/humble /usr/bin/cmake --build /home/dan/train/train/MA_training/Build_your_custom_robot/build/my_cutom_robot -- -j16 -l16
[0.063s] Invoked command in '/home/dan/train/train/MA_training/Build_your_custom_robot/build/my_cutom_robot' returned '0': CMAKE_PREFIX_PATH=${CMAKE_PREFIX_PATH}:/opt/ros/humble /usr/bin/cmake --build /home/dan/train/train/MA_training/Build_your_custom_robot/build/my_cutom_robot -- -j16 -l16
[0.105s] Invoking command in '/home/dan/train/train/MA_training/Build_your_custom_robot/build/my_cutom_robot': CMAKE_PREFIX_PATH=${CMAKE_PREFIX_PATH}:/opt/ros/humble /usr/bin/cmake --install /home/dan/train/train/MA_training/Build_your_custom_robot/build/my_cutom_robot
[0.113s] -- Install configuration: ""
[0.113s] -- Execute custom install script
[0.114s] -- Up-to-date symlink: /home/dan/train/train/MA_training/Build_your_custom_robot/install/my_cutom_robot/share/my_cutom_robot/config/first_demo.rviz
[0.114s] -- Symlinking: /home/dan/train/train/MA_training/Build_your_custom_robot/install/my_cutom_robot/share/my_cutom_robot/description/gazebo_control.xacro
[0.128s] -- Up-to-date symlink: /home/dan/train/train/MA_training/Build_your_custom_robot/install/my_cutom_robot/share/my_cutom_robot/description/inertial_macros.xacro
[0.128s] -- Up-to-date symlink: /home/dan/train/train/MA_training/Build_your_custom_robot/install/my_cutom_robot/share/my_cutom_robot/description/robot.urdf.xacro
[0.128s] -- Up-to-date symlink: /home/dan/train/train/MA_training/Build_your_custom_robot/install/my_cutom_robot/share/my_cutom_robot/description/robot_core.xacro
[0.128s] -- Up-to-date symlink: /home/dan/train/train/MA_training/Build_your_custom_robot/install/my_cutom_robot/share/my_cutom_robot/launch/launch_sim.launch.py
[0.128s] -- Up-to-date symlink: /home/dan/train/train/MA_training/Build_your_custom_robot/install/my_cutom_robot/share/my_cutom_robot/launch/rsp.launch.py
[0.128s] -- Up-to-date symlink: /home/dan/train/train/MA_training/Build_your_custom_robot/install/my_cutom_robot/share/ament_index/resource_index/package_run_dependencies/my_cutom_robot
[0.129s] -- Up-to-date symlink: /home/dan/train/train/MA_training/Build_your_custom_robot/install/my_cutom_robot/share/ament_index/resource_index/parent_prefix_path/my_cutom_robot
[0.129s] -- Up-to-date symlink: /home/dan/train/train/MA_training/Build_your_custom_robot/install/my_cutom_robot/share/my_cutom_robot/environment/ament_prefix_path.sh
[0.129s] -- Up-to-date symlink: /home/dan/train/train/MA_training/Build_your_custom_robot/install/my_cutom_robot/share/my_cutom_robot/environment/ament_prefix_path.dsv
[0.129s] -- Up-to-date symlink: /home/dan/train/train/MA_training/Build_your_custom_robot/install/my_cutom_robot/share/my_cutom_robot/environment/path.sh
[0.129s] -- Up-to-date symlink: /home/dan/train/train/MA_training/Build_your_custom_robot/install/my_cutom_robot/share/my_cutom_robot/environment/path.dsv
[0.130s] -- Up-to-date symlink: /home/dan/train/train/MA_training/Build_your_custom_robot/install/my_cutom_robot/share/my_cutom_robot/local_setup.bash
[0.130s] -- Up-to-date symlink: /home/dan/train/train/MA_training/Build_your_custom_robot/install/my_cutom_robot/share/my_cutom_robot/local_setup.sh
[0.130s] -- Up-to-date symlink: /home/dan/train/train/MA_training/Build_your_custom_robot/install/my_cutom_robot/share/my_cutom_robot/local_setup.zsh
[0.130s] -- Up-to-date symlink: /home/dan/train/train/MA_training/Build_your_custom_robot/install/my_cutom_robot/share/my_cutom_robot/local_setup.dsv
[0.130s] -- Symlinking: /home/dan/train/train/MA_training/Build_your_custom_robot/install/my_cutom_robot/share/my_cutom_robot/package.dsv
[0.143s] -- Up-to-date symlink: /home/dan/train/train/MA_training/Build_your_custom_robot/install/my_cutom_robot/share/ament_index/resource_index/packages/my_cutom_robot
[0.143s] -- Up-to-date symlink: /home/dan/train/train/MA_training/Build_your_custom_robot/install/my_cutom_robot/share/my_cutom_robot/cmake/my_cutom_robotConfig.cmake
[0.144s] -- Up-to-date symlink: /home/dan/train/train/MA_training/Build_your_custom_robot/install/my_cutom_robot/share/my_cutom_robot/cmake/my_cutom_robotConfig-version.cmake
[0.144s] -- Up-to-date symlink: /home/dan/train/train/MA_training/Build_your_custom_robot/install/my_cutom_robot/share/my_cutom_robot/package.xml
[0.148s] Invoked command in '/home/dan/train/train/MA_training/Build_your_custom_robot/build/my_cutom_robot' returned '0': CMAKE_PREFIX_PATH=${CMAKE_PREFIX_PATH}:/opt/ros/humble /usr/bin/cmake --install /home/dan/train/train/MA_training/Build_your_custom_robot/build/my_cutom_robot
